<?xml version="1.0" encoding="UTF-8"?>
<testng-results ignored="0" total="1" passed="1" failed="0" skipped="0">
  <reporter-output>
  </reporter-output>
  <suite started-at="2024-12-28T13:16:14 IST" name="Default suite" finished-at="2024-12-28T13:16:14 IST" duration-ms="72">
    <groups>
    </groups>
    <test started-at="2024-12-28T13:16:14 IST" name="Default test" finished-at="2024-12-28T13:16:14 IST" duration-ms="72">
      <class name="TestCases.testcase1">
        <test-method is-config="true" signature="setup()[pri:0, instance:TestCases.testcase1@5d534f5d]" started-at="2024-12-28T13:16:14 IST" name="setup" finished-at="2024-12-28T13:16:14 IST" duration-ms="9" status="PASS">
          <reporter-output>
          </reporter-output>
        </test-method> <!-- setup -->
        <test-method signature="LoginTest()[pri:0, instance:TestCases.testcase1@5d534f5d]" started-at="2024-12-28T13:16:14 IST" name="LoginTest" finished-at="2024-12-28T13:16:14 IST" duration-ms="11" status="PASS">
          <reporter-output>
          </reporter-output>
        </test-method> <!-- LoginTest -->
        <test-method is-config="true" signature="TearDown()[pri:0, instance:TestCases.testcase1@5d534f5d]" started-at="2024-12-28T13:16:14 IST" name="TearDown" finished-at="2024-12-28T13:16:14 IST" duration-ms="2" status="PASS">
          <reporter-output>
          </reporter-output>
        </test-method> <!-- TearDown -->
      </class> <!-- TestCases.testcase1 -->
    </test> <!-- Default test -->
  </suite> <!-- Default suite -->
</testng-results>
